16:35:46: Creating resource group General
16:35:46: Creating resource group Internal
16:35:46: Creating resource group Autodetect
16:35:46: Registering ResourceManager for type Material
16:35:46: Registering ResourceManager for type Skeleton
16:35:46: Registering ResourceManager for type Mesh
16:35:46: Skeleton: Loading man.skeleton
16:35:46: OGRE EXCEPTION(6:FileNotFoundException): Cannot locate resource man.skeleton in resource group General or any other group. in ResourceGroupManager::openResource at ..\..\..\..\OgreMain\src\OgreResourceGroupManager.cpp (line 753)
16:35:46: Unable to load skeleton man.skeleton for Mesh conversion. This Mesh will not be animated. You can ignore this message if you are using an offline tool.
16:35:46: MeshSerializer writing mesh data to man.mesh...
16:35:46: File header written.
16:35:46: Writing mesh data...
16:35:46: Writing submesh...
16:35:46: Exporting submesh texture aliases...
16:35:46: Submesh texture aliases exported.
16:35:46: Exporting dedicated geometry bone assignments...
16:35:46: Dedicated geometry bone assignments exported.
16:35:46: Submesh exported.
16:35:46: Writing submesh...
16:35:46: Exporting submesh texture aliases...
16:35:46: Submesh texture aliases exported.
16:35:46: Exporting dedicated geometry bone assignments...
16:35:46: Dedicated geometry bone assignments exported.
16:35:46: Submesh exported.
16:35:46: Writing submesh...
16:35:46: Exporting submesh texture aliases...
16:35:46: Submesh texture aliases exported.
16:35:46: Exporting dedicated geometry bone assignments...
16:35:46: Dedicated geometry bone assignments exported.
16:35:46: Submesh exported.
16:35:46: Writing submesh...
16:35:46: Exporting submesh texture aliases...
16:35:46: Submesh texture aliases exported.
16:35:46: Exporting dedicated geometry bone assignments...
16:35:46: Dedicated geometry bone assignments exported.
16:35:46: Submesh exported.
16:35:46: Writing submesh...
16:35:46: Exporting submesh texture aliases...
16:35:46: Submesh texture aliases exported.
16:35:46: Exporting dedicated geometry bone assignments...
16:35:46: Dedicated geometry bone assignments exported.
16:35:46: Submesh exported.
16:35:46: Writing submesh...
16:35:46: Exporting submesh texture aliases...
16:35:46: Submesh texture aliases exported.
16:35:46: Exporting dedicated geometry bone assignments...
16:35:46: Dedicated geometry bone assignments exported.
16:35:46: Submesh exported.
16:35:46: Writing submesh...
16:35:46: Exporting submesh texture aliases...
16:35:46: Submesh texture aliases exported.
16:35:46: Exporting dedicated geometry bone assignments...
16:35:46: Dedicated geometry bone assignments exported.
16:35:46: Submesh exported.
16:35:46: Writing submesh...
16:35:46: Exporting submesh texture aliases...
16:35:46: Submesh texture aliases exported.
16:35:46: Exporting dedicated geometry bone assignments...
16:35:46: Dedicated geometry bone assignments exported.
16:35:46: Submesh exported.
16:35:46: Writing submesh...
16:35:46: Exporting submesh texture aliases...
16:35:46: Submesh texture aliases exported.
16:35:46: Exporting dedicated geometry bone assignments...
16:35:46: Dedicated geometry bone assignments exported.
16:35:46: Submesh exported.
16:35:46: Writing submesh...
16:35:46: Exporting submesh texture aliases...
16:35:46: Submesh texture aliases exported.
16:35:46: Exporting dedicated geometry bone assignments...
16:35:46: Dedicated geometry bone assignments exported.
16:35:46: Submesh exported.
16:35:46: Writing submesh...
16:35:46: Exporting submesh texture aliases...
16:35:46: Submesh texture aliases exported.
16:35:47: Exporting dedicated geometry bone assignments...
16:35:47: Dedicated geometry bone assignments exported.
16:35:47: Submesh exported.
16:35:47: Writing submesh...
16:35:47: Exporting submesh texture aliases...
16:35:47: Submesh texture aliases exported.
16:35:47: Exporting dedicated geometry bone assignments...
16:35:47: Dedicated geometry bone assignments exported.
16:35:47: Submesh exported.
16:35:47: Writing submesh...
16:35:47: Exporting submesh texture aliases...
16:35:47: Submesh texture aliases exported.
16:35:47: Exporting dedicated geometry bone assignments...
16:35:47: Dedicated geometry bone assignments exported.
16:35:47: Submesh exported.
16:35:47: Exporting skeleton link...
16:35:47: Skeleton link exported.
16:35:47: Exporting bounds information....
16:35:47: Bounds information exported.
16:35:47: Exporting submesh name table...
16:35:47: Submesh name table exported.
16:35:47: Exporting edge lists...
16:35:47: Edge lists exported
16:35:47: Mesh data exported.
16:35:47: MeshSerializer export successful.
16:35:47: Unregistering ResourceManager for type Mesh
16:35:47: Unregistering ResourceManager for type Skeleton
16:35:47: Unregistering ResourceManager for type Material
