17:29:11: Creating resource group General
17:29:11: Creating resource group Internal
17:29:11: Creating resource group Autodetect
17:29:11: Registering ResourceManager for type Material
17:29:11: Registering ResourceManager for type Skeleton
17:29:12: Registering ResourceManager for type Mesh
17:29:12: Skeleton: Loading Bip01.skeleton
17:29:12: OGRE EXCEPTION(6:FileNotFoundException): Cannot locate resource Bip01.skeleton in resource group General or any other group. in ResourceGroupManager::openResource at ..\..\..\..\OgreMain\src\OgreResourceGroupManager.cpp (line 753)
17:29:12: Unable to load skeleton Bip01.skeleton for Mesh conversion. This Mesh will not be animated. You can ignore this message if you are using an offline tool.
17:29:12: MeshSerializer writing mesh data to ..\3ds max\export\woman_walk.mesh...
17:29:12: File header written.
17:29:12: Writing mesh data...
17:29:12: Writing submesh...
17:29:12: Exporting submesh texture aliases...
17:29:12: Submesh texture aliases exported.
17:29:12: Exporting dedicated geometry bone assignments...
17:29:12: Dedicated geometry bone assignments exported.
17:29:12: Submesh exported.
17:29:12: Writing submesh...
17:29:12: Exporting submesh texture aliases...
17:29:12: Submesh texture aliases exported.
17:29:12: Exporting dedicated geometry bone assignments...
17:29:12: Dedicated geometry bone assignments exported.
17:29:12: Submesh exported.
17:29:12: Writing submesh...
17:29:12: Exporting submesh texture aliases...
17:29:12: Submesh texture aliases exported.
17:29:12: Exporting dedicated geometry bone assignments...
17:29:12: Dedicated geometry bone assignments exported.
17:29:12: Submesh exported.
17:29:12: Writing submesh...
17:29:12: Exporting submesh texture aliases...
17:29:12: Submesh texture aliases exported.
17:29:12: Exporting dedicated geometry bone assignments...
17:29:12: Dedicated geometry bone assignments exported.
17:29:12: Submesh exported.
17:29:12: Writing submesh...
17:29:12: Exporting submesh texture aliases...
17:29:12: Submesh texture aliases exported.
17:29:12: Exporting dedicated geometry bone assignments...
17:29:12: Dedicated geometry bone assignments exported.
17:29:12: Submesh exported.
17:29:12: Writing submesh...
17:29:12: Exporting submesh texture aliases...
17:29:12: Submesh texture aliases exported.
17:29:12: Exporting dedicated geometry bone assignments...
17:29:12: Dedicated geometry bone assignments exported.
17:29:12: Submesh exported.
17:29:12: Writing submesh...
17:29:12: Exporting submesh texture aliases...
17:29:12: Submesh texture aliases exported.
17:29:12: Exporting dedicated geometry bone assignments...
17:29:12: Dedicated geometry bone assignments exported.
17:29:12: Submesh exported.
17:29:12: Writing submesh...
17:29:12: Exporting submesh texture aliases...
17:29:12: Submesh texture aliases exported.
17:29:12: Exporting dedicated geometry bone assignments...
17:29:12: Dedicated geometry bone assignments exported.
17:29:12: Submesh exported.
17:29:12: Exporting skeleton link...
17:29:12: Skeleton link exported.
17:29:12: Exporting bounds information....
17:29:12: Bounds information exported.
17:29:12: Exporting submesh name table...
17:29:12: Submesh name table exported.
17:29:12: Exporting edge lists...
17:29:12: Edge lists exported
17:29:12: Mesh data exported.
17:29:12: MeshSerializer export successful.
17:29:12: Unregistering ResourceManager for type Mesh
17:29:12: Unregistering ResourceManager for type Skeleton
17:29:12: Unregistering ResourceManager for type Material
